{"__type":"$$EventMessageAudit","id":"efc48363-4e74-40df-b702-27668fac595f","ts":"2025-09-22T21:03:23.360+00:00","eventName":"n8n.audit.workflow.created","message":"n8n.audit.workflow.created","payload":{"userId":"b9272ff0-7b7c-4048-82f8-9699ca64f6ce","_email":"leonadovianamov@gmail.com","_firstName":"Leonardo","_lastName":"Viana","globalRole":"global:owner","workflowId":"Wr0ArFFg08cUGM70","workflowName":"My workflow"}}
{"__type":"$$EventMessageConfirm","confirm":"efc48363-4e74-40df-b702-27668fac595f","ts":"2025-09-22T21:03:23.360+00:00","source":{"id":"0","name":"eventBus"}}
{"__type":"$$EventMessageWorkflow","id":"44dbb8d1-17e4-41f8-a75c-c963e4cbff44","ts":"2025-09-22T21:03:23.435+00:00","eventName":"n8n.workflow.started","message":"n8n.workflow.started","payload":{"executionId":"1","workflowId":"Wr0ArFFg08cUGM70","isManual":false,"workflowName":"My workflow"}}
{"__type":"$$EventMessageConfirm","confirm":"44dbb8d1-17e4-41f8-a75c-c963e4cbff44","ts":"2025-09-22T21:03:23.435+00:00","source":{"id":"0","name":"eventBus"}}
{"__type":"$$EventMessageNode","id":"d08a6e0c-f278-4a84-8689-7ee1287c8c39","ts":"2025-09-22T21:03:23.436+00:00","eventName":"n8n.node.started","message":"n8n.node.started","payload":{"workflowId":"Wr0ArFFg08cUGM70","workflowName":"My workflow","executionId":"1","nodeType":"n8n-nodes-base.manualTrigger","nodeName":"When clicking ‘Execute workflow’","nodeId":"16f7d617-c243-4136-9918-5f26943627f7"}}
{"__type":"$$EventMessageConfirm","confirm":"d08a6e0c-f278-4a84-8689-7ee1287c8c39","ts":"2025-09-22T21:03:23.436+00:00","source":{"id":"0","name":"eventBus"}}
{"__type":"$$EventMessageNode","id":"d38e0cde-a8da-4b74-be0f-76766f52580f","ts":"2025-09-22T21:03:23.439+00:00","eventName":"n8n.node.finished","message":"n8n.node.finished","payload":{"workflowId":"Wr0ArFFg08cUGM70","workflowName":"My workflow","executionId":"1","nodeType":"n8n-nodes-base.manualTrigger","nodeName":"When clicking ‘Execute workflow’","nodeId":"16f7d617-c243-4136-9918-5f26943627f7"}}
{"__type":"$$EventMessageConfirm","confirm":"d38e0cde-a8da-4b74-be0f-76766f52580f","ts":"2025-09-22T21:03:23.439+00:00","source":{"id":"0","name":"eventBus"}}
{"__type":"$$EventMessageNode","id":"b6bc17f0-3d5d-406e-a90e-26a3c5125c4b","ts":"2025-09-22T21:03:23.440+00:00","eventName":"n8n.node.started","message":"n8n.node.started","payload":{"workflowId":"Wr0ArFFg08cUGM70","workflowName":"My workflow","executionId":"1","nodeType":"CUSTOM.random","nodeName":"Random","nodeId":"5e7a5266-4de2-41f4-b5f6-3ff6cb0454fb"}}
{"__type":"$$EventMessageConfirm","confirm":"b6bc17f0-3d5d-406e-a90e-26a3c5125c4b","ts":"2025-09-22T21:03:23.440+00:00","source":{"id":"0","name":"eventBus"}}
{"__type":"$$EventMessageNode","id":"e702a4d8-4e48-4509-8a2e-1a27a8fdebfb","ts":"2025-09-22T21:03:23.884+00:00","eventName":"n8n.node.finished","message":"n8n.node.finished","payload":{"workflowId":"Wr0ArFFg08cUGM70","workflowName":"My workflow","executionId":"1","nodeType":"CUSTOM.random","nodeName":"Random","nodeId":"5e7a5266-4de2-41f4-b5f6-3ff6cb0454fb"}}
{"__type":"$$EventMessageConfirm","confirm":"e702a4d8-4e48-4509-8a2e-1a27a8fdebfb","ts":"2025-09-22T21:03:23.884+00:00","source":{"id":"0","name":"eventBus"}}
{"__type":"$$EventMessageWorkflow","id":"59d32af2-cd91-4387-9935-97d2b0577d2e","ts":"2025-09-22T21:03:23.892+00:00","eventName":"n8n.workflow.success","message":"n8n.workflow.success","payload":{"userId":"b9272ff0-7b7c-4048-82f8-9699ca64f6ce","executionId":"1","success":true,"isManual":true,"workflowId":"Wr0ArFFg08cUGM70","workflowName":"My workflow"}}
{"__type":"$$EventMessageConfirm","confirm":"59d32af2-cd91-4387-9935-97d2b0577d2e","ts":"2025-09-22T21:03:23.892+00:00","source":{"id":"0","name":"eventBus"}}
{"__type":"$$EventMessageWorkflow","id":"4571ac1a-162c-49fd-98be-a58a9d4ea719","ts":"2025-09-22T21:03:59.850+00:00","eventName":"n8n.workflow.started","message":"n8n.workflow.started","payload":{"executionId":"2","workflowId":"Wr0ArFFg08cUGM70","isManual":false,"workflowName":"My workflow"}}
{"__type":"$$EventMessageConfirm","confirm":"4571ac1a-162c-49fd-98be-a58a9d4ea719","ts":"2025-09-22T21:03:59.850+00:00","source":{"id":"0","name":"eventBus"}}
{"__type":"$$EventMessageNode","id":"32475848-193a-4850-8191-98584777d1a6","ts":"2025-09-22T21:03:59.851+00:00","eventName":"n8n.node.started","message":"n8n.node.started","payload":{"workflowId":"Wr0ArFFg08cUGM70","workflowName":"My workflow","executionId":"2","nodeType":"CUSTOM.random","nodeName":"Random","nodeId":"5e7a5266-4de2-41f4-b5f6-3ff6cb0454fb"}}
{"__type":"$$EventMessageConfirm","confirm":"32475848-193a-4850-8191-98584777d1a6","ts":"2025-09-22T21:03:59.851+00:00","source":{"id":"0","name":"eventBus"}}
{"__type":"$$EventMessageNode","id":"87ce011c-5ae7-481d-9456-f9a2d2759fed","ts":"2025-09-22T21:04:00.256+00:00","eventName":"n8n.node.finished","message":"n8n.node.finished","payload":{"workflowId":"Wr0ArFFg08cUGM70","workflowName":"My workflow","executionId":"2","nodeType":"CUSTOM.random","nodeName":"Random","nodeId":"5e7a5266-4de2-41f4-b5f6-3ff6cb0454fb"}}
{"__type":"$$EventMessageConfirm","confirm":"87ce011c-5ae7-481d-9456-f9a2d2759fed","ts":"2025-09-22T21:04:00.256+00:00","source":{"id":"0","name":"eventBus"}}
{"__type":"$$EventMessageWorkflow","id":"814c19b4-9258-4453-b2e5-922e67acbaa9","ts":"2025-09-22T21:04:00.259+00:00","eventName":"n8n.workflow.success","message":"n8n.workflow.success","payload":{"userId":"b9272ff0-7b7c-4048-82f8-9699ca64f6ce","executionId":"2","success":true,"isManual":true,"workflowId":"Wr0ArFFg08cUGM70","workflowName":"My workflow"}}
{"__type":"$$EventMessageConfirm","confirm":"814c19b4-9258-4453-b2e5-922e67acbaa9","ts":"2025-09-22T21:04:00.259+00:00","source":{"id":"0","name":"eventBus"}}
{"__type":"$$EventMessageWorkflow","id":"5dda4c99-2bd4-489d-9062-a7681ec1b8d1","ts":"2025-09-22T21:05:33.263+00:00","eventName":"n8n.workflow.started","message":"n8n.workflow.started","payload":{"executionId":"3","workflowId":"Wr0ArFFg08cUGM70","isManual":false,"workflowName":"My workflow"}}
{"__type":"$$EventMessageConfirm","confirm":"5dda4c99-2bd4-489d-9062-a7681ec1b8d1","ts":"2025-09-22T21:05:33.264+00:00","source":{"id":"0","name":"eventBus"}}
{"__type":"$$EventMessageNode","id":"5340e86c-06ed-48f5-a1ad-17302cfebf85","ts":"2025-09-22T21:05:33.264+00:00","eventName":"n8n.node.started","message":"n8n.node.started","payload":{"workflowId":"Wr0ArFFg08cUGM70","workflowName":"My workflow","executionId":"3","nodeType":"n8n-nodes-base.manualTrigger","nodeName":"When clicking ‘Execute workflow’","nodeId":"16f7d617-c243-4136-9918-5f26943627f7"}}
{"__type":"$$EventMessageConfirm","confirm":"5340e86c-06ed-48f5-a1ad-17302cfebf85","ts":"2025-09-22T21:05:33.264+00:00","source":{"id":"0","name":"eventBus"}}
{"__type":"$$EventMessageNode","id":"a5d82514-8ff4-4614-bda1-3063b6dbec82","ts":"2025-09-22T21:05:33.266+00:00","eventName":"n8n.node.finished","message":"n8n.node.finished","payload":{"workflowId":"Wr0ArFFg08cUGM70","workflowName":"My workflow","executionId":"3","nodeType":"n8n-nodes-base.manualTrigger","nodeName":"When clicking ‘Execute workflow’","nodeId":"16f7d617-c243-4136-9918-5f26943627f7"}}
{"__type":"$$EventMessageConfirm","confirm":"a5d82514-8ff4-4614-bda1-3063b6dbec82","ts":"2025-09-22T21:05:33.266+00:00","source":{"id":"0","name":"eventBus"}}
{"__type":"$$EventMessageWorkflow","id":"f0158f3c-918c-4b9d-b569-45ca00cec38e","ts":"2025-09-22T21:05:33.268+00:00","eventName":"n8n.workflow.success","message":"n8n.workflow.success","payload":{"userId":"b9272ff0-7b7c-4048-82f8-9699ca64f6ce","executionId":"3","success":true,"isManual":true,"workflowId":"Wr0ArFFg08cUGM70","workflowName":"My workflow"}}
{"__type":"$$EventMessageConfirm","confirm":"f0158f3c-918c-4b9d-b569-45ca00cec38e","ts":"2025-09-22T21:05:33.268+00:00","source":{"id":"0","name":"eventBus"}}
{"__type":"$$EventMessageWorkflow","id":"e26cef11-f827-41ed-9baf-e5740f72ebcf","ts":"2025-09-22T21:05:50.031+00:00","eventName":"n8n.workflow.started","message":"n8n.workflow.started","payload":{"executionId":"4","workflowId":"Wr0ArFFg08cUGM70","isManual":false,"workflowName":"My workflow"}}
{"__type":"$$EventMessageConfirm","confirm":"e26cef11-f827-41ed-9baf-e5740f72ebcf","ts":"2025-09-22T21:05:50.031+00:00","source":{"id":"0","name":"eventBus"}}
{"__type":"$$EventMessageNode","id":"619e895e-8447-4c3b-bb9b-55652e26c5f8","ts":"2025-09-22T21:05:50.032+00:00","eventName":"n8n.node.started","message":"n8n.node.started","payload":{"workflowId":"Wr0ArFFg08cUGM70","workflowName":"My workflow","executionId":"4","nodeType":"CUSTOM.random","nodeName":"Random","nodeId":"5e7a5266-4de2-41f4-b5f6-3ff6cb0454fb"}}
{"__type":"$$EventMessageConfirm","confirm":"619e895e-8447-4c3b-bb9b-55652e26c5f8","ts":"2025-09-22T21:05:50.032+00:00","source":{"id":"0","name":"eventBus"}}
{"__type":"$$EventMessageNode","id":"a9ad02a4-54f3-4a0a-bac3-248c5dfc7bcf","ts":"2025-09-22T21:05:51.426+00:00","eventName":"n8n.node.finished","message":"n8n.node.finished","payload":{"workflowId":"Wr0ArFFg08cUGM70","workflowName":"My workflow","executionId":"4","nodeType":"CUSTOM.random","nodeName":"Random","nodeId":"5e7a5266-4de2-41f4-b5f6-3ff6cb0454fb"}}
{"__type":"$$EventMessageConfirm","confirm":"a9ad02a4-54f3-4a0a-bac3-248c5dfc7bcf","ts":"2025-09-22T21:05:51.426+00:00","source":{"id":"0","name":"eventBus"}}
{"__type":"$$EventMessageWorkflow","id":"a0254831-9da9-4743-b107-366c62183fcd","ts":"2025-09-22T21:05:51.432+00:00","eventName":"n8n.workflow.success","message":"n8n.workflow.success","payload":{"userId":"b9272ff0-7b7c-4048-82f8-9699ca64f6ce","executionId":"4","success":true,"isManual":true,"workflowId":"Wr0ArFFg08cUGM70","workflowName":"My workflow"}}
{"__type":"$$EventMessageConfirm","confirm":"a0254831-9da9-4743-b107-366c62183fcd","ts":"2025-09-22T21:05:51.432+00:00","source":{"id":"0","name":"eventBus"}}
{"__type":"$$EventMessageWorkflow","id":"b6b20135-398c-41df-834e-a66b806232b9","ts":"2025-09-22T21:13:41.460+00:00","eventName":"n8n.workflow.started","message":"n8n.workflow.started","payload":{"executionId":"5","workflowId":"Wr0ArFFg08cUGM70","isManual":false,"workflowName":"My workflow"}}
{"__type":"$$EventMessageConfirm","confirm":"b6b20135-398c-41df-834e-a66b806232b9","ts":"2025-09-22T21:13:41.460+00:00","source":{"id":"0","name":"eventBus"}}
{"__type":"$$EventMessageNode","id":"8af9c8e1-f398-470a-8d92-869869c07876","ts":"2025-09-22T21:13:41.461+00:00","eventName":"n8n.node.started","message":"n8n.node.started","payload":{"workflowId":"Wr0ArFFg08cUGM70","workflowName":"My workflow","executionId":"5","nodeType":"CUSTOM.random","nodeName":"Random","nodeId":"5e7a5266-4de2-41f4-b5f6-3ff6cb0454fb"}}
{"__type":"$$EventMessageConfirm","confirm":"8af9c8e1-f398-470a-8d92-869869c07876","ts":"2025-09-22T21:13:41.461+00:00","source":{"id":"0","name":"eventBus"}}
{"__type":"$$EventMessageNode","id":"53a8bd31-6d75-4dff-b445-8ea777e5e56b","ts":"2025-09-22T21:13:41.877+00:00","eventName":"n8n.node.finished","message":"n8n.node.finished","payload":{"workflowId":"Wr0ArFFg08cUGM70","workflowName":"My workflow","executionId":"5","nodeType":"CUSTOM.random","nodeName":"Random","nodeId":"5e7a5266-4de2-41f4-b5f6-3ff6cb0454fb"}}
{"__type":"$$EventMessageConfirm","confirm":"53a8bd31-6d75-4dff-b445-8ea777e5e56b","ts":"2025-09-22T21:13:41.877+00:00","source":{"id":"0","name":"eventBus"}}
{"__type":"$$EventMessageWorkflow","id":"09458317-8c7b-4974-937c-8d0573e55295","ts":"2025-09-22T21:13:41.879+00:00","eventName":"n8n.workflow.success","message":"n8n.workflow.success","payload":{"userId":"b9272ff0-7b7c-4048-82f8-9699ca64f6ce","executionId":"5","success":true,"isManual":true,"workflowId":"Wr0ArFFg08cUGM70","workflowName":"My workflow"}}
{"__type":"$$EventMessageConfirm","confirm":"09458317-8c7b-4974-937c-8d0573e55295","ts":"2025-09-22T21:13:41.879+00:00","source":{"id":"0","name":"eventBus"}}
{"__type":"$$EventMessageWorkflow","id":"b55a5229-b73e-4b71-b496-0f27c5adc3d1","ts":"2025-09-22T21:14:00.208+00:00","eventName":"n8n.workflow.started","message":"n8n.workflow.started","payload":{"executionId":"6","workflowId":"Wr0ArFFg08cUGM70","isManual":false,"workflowName":"My workflow"}}
{"__type":"$$EventMessageConfirm","confirm":"b55a5229-b73e-4b71-b496-0f27c5adc3d1","ts":"2025-09-22T21:14:00.208+00:00","source":{"id":"0","name":"eventBus"}}
{"__type":"$$EventMessageNode","id":"3de6bdaa-392e-4456-8276-ae46c28a3d0a","ts":"2025-09-22T21:14:00.208+00:00","eventName":"n8n.node.started","message":"n8n.node.started","payload":{"workflowId":"Wr0ArFFg08cUGM70","workflowName":"My workflow","executionId":"6","nodeType":"CUSTOM.random","nodeName":"Random","nodeId":"5e7a5266-4de2-41f4-b5f6-3ff6cb0454fb"}}
{"__type":"$$EventMessageConfirm","confirm":"3de6bdaa-392e-4456-8276-ae46c28a3d0a","ts":"2025-09-22T21:14:00.208+00:00","source":{"id":"0","name":"eventBus"}}
{"__type":"$$EventMessageNode","id":"92189fe1-1bd0-4dbd-8c24-29dd293a643f","ts":"2025-09-22T21:14:00.586+00:00","eventName":"n8n.node.finished","message":"n8n.node.finished","payload":{"workflowId":"Wr0ArFFg08cUGM70","workflowName":"My workflow","executionId":"6","nodeType":"CUSTOM.random","nodeName":"Random","nodeId":"5e7a5266-4de2-41f4-b5f6-3ff6cb0454fb"}}
{"__type":"$$EventMessageConfirm","confirm":"92189fe1-1bd0-4dbd-8c24-29dd293a643f","ts":"2025-09-22T21:14:00.586+00:00","source":{"id":"0","name":"eventBus"}}
{"__type":"$$EventMessageWorkflow","id":"4398184c-8b37-4c12-bfa6-4814aef86b98","ts":"2025-09-22T21:14:00.589+00:00","eventName":"n8n.workflow.success","message":"n8n.workflow.success","payload":{"userId":"b9272ff0-7b7c-4048-82f8-9699ca64f6ce","executionId":"6","success":true,"isManual":true,"workflowId":"Wr0ArFFg08cUGM70","workflowName":"My workflow"}}
{"__type":"$$EventMessageConfirm","confirm":"4398184c-8b37-4c12-bfa6-4814aef86b98","ts":"2025-09-22T21:14:00.589+00:00","source":{"id":"0","name":"eventBus"}}
{"__type":"$$EventMessageWorkflow","id":"9bd44fc3-6045-45a3-a189-fbdec4890512","ts":"2025-09-22T21:14:03.063+00:00","eventName":"n8n.workflow.started","message":"n8n.workflow.started","payload":{"executionId":"7","workflowId":"Wr0ArFFg08cUGM70","isManual":false,"workflowName":"My workflow"}}
{"__type":"$$EventMessageConfirm","confirm":"9bd44fc3-6045-45a3-a189-fbdec4890512","ts":"2025-09-22T21:14:03.063+00:00","source":{"id":"0","name":"eventBus"}}
{"__type":"$$EventMessageNode","id":"8c515c04-ed9e-40a2-9c78-97dd8ea9269a","ts":"2025-09-22T21:14:03.063+00:00","eventName":"n8n.node.started","message":"n8n.node.started","payload":{"workflowId":"Wr0ArFFg08cUGM70","workflowName":"My workflow","executionId":"7","nodeType":"CUSTOM.random","nodeName":"Random","nodeId":"5e7a5266-4de2-41f4-b5f6-3ff6cb0454fb"}}
{"__type":"$$EventMessageConfirm","confirm":"8c515c04-ed9e-40a2-9c78-97dd8ea9269a","ts":"2025-09-22T21:14:03.063+00:00","source":{"id":"0","name":"eventBus"}}
{"__type":"$$EventMessageNode","id":"0ee6bf33-1bed-4036-aca7-f6895306598b","ts":"2025-09-22T21:14:03.586+00:00","eventName":"n8n.node.finished","message":"n8n.node.finished","payload":{"workflowId":"Wr0ArFFg08cUGM70","workflowName":"My workflow","executionId":"7","nodeType":"CUSTOM.random","nodeName":"Random","nodeId":"5e7a5266-4de2-41f4-b5f6-3ff6cb0454fb"}}
{"__type":"$$EventMessageConfirm","confirm":"0ee6bf33-1bed-4036-aca7-f6895306598b","ts":"2025-09-22T21:14:03.586+00:00","source":{"id":"0","name":"eventBus"}}
{"__type":"$$EventMessageWorkflow","id":"a47dcee5-d16a-4934-b382-4a0728ed602e","ts":"2025-09-22T21:14:03.593+00:00","eventName":"n8n.workflow.success","message":"n8n.workflow.success","payload":{"userId":"b9272ff0-7b7c-4048-82f8-9699ca64f6ce","executionId":"7","success":true,"isManual":true,"workflowId":"Wr0ArFFg08cUGM70","workflowName":"My workflow"}}
{"__type":"$$EventMessageConfirm","confirm":"a47dcee5-d16a-4934-b382-4a0728ed602e","ts":"2025-09-22T21:14:03.593+00:00","source":{"id":"0","name":"eventBus"}}
{"__type":"$$EventMessageWorkflow","id":"d0839866-3590-4944-970a-d9ce99a2acf1","ts":"2025-09-22T21:14:05.573+00:00","eventName":"n8n.workflow.started","message":"n8n.workflow.started","payload":{"executionId":"8","workflowId":"Wr0ArFFg08cUGM70","isManual":false,"workflowName":"My workflow"}}
{"__type":"$$EventMessageConfirm","confirm":"d0839866-3590-4944-970a-d9ce99a2acf1","ts":"2025-09-22T21:14:05.573+00:00","source":{"id":"0","name":"eventBus"}}
{"__type":"$$EventMessageNode","id":"0f8ecaea-fb94-4189-ab7c-255e4b1c642d","ts":"2025-09-22T21:14:05.573+00:00","eventName":"n8n.node.started","message":"n8n.node.started","payload":{"workflowId":"Wr0ArFFg08cUGM70","workflowName":"My workflow","executionId":"8","nodeType":"CUSTOM.random","nodeName":"Random","nodeId":"5e7a5266-4de2-41f4-b5f6-3ff6cb0454fb"}}
{"__type":"$$EventMessageConfirm","confirm":"0f8ecaea-fb94-4189-ab7c-255e4b1c642d","ts":"2025-09-22T21:14:05.573+00:00","source":{"id":"0","name":"eventBus"}}
{"__type":"$$EventMessageNode","id":"4e845a06-a048-458a-acf1-b67f1c4d0f74","ts":"2025-09-22T21:14:05.934+00:00","eventName":"n8n.node.finished","message":"n8n.node.finished","payload":{"workflowId":"Wr0ArFFg08cUGM70","workflowName":"My workflow","executionId":"8","nodeType":"CUSTOM.random","nodeName":"Random","nodeId":"5e7a5266-4de2-41f4-b5f6-3ff6cb0454fb"}}
{"__type":"$$EventMessageConfirm","confirm":"4e845a06-a048-458a-acf1-b67f1c4d0f74","ts":"2025-09-22T21:14:05.934+00:00","source":{"id":"0","name":"eventBus"}}
{"__type":"$$EventMessageWorkflow","id":"047a3ac3-cfd0-4c97-9c69-a123aaa665e7","ts":"2025-09-22T21:14:05.936+00:00","eventName":"n8n.workflow.success","message":"n8n.workflow.success","payload":{"userId":"b9272ff0-7b7c-4048-82f8-9699ca64f6ce","executionId":"8","success":true,"isManual":true,"workflowId":"Wr0ArFFg08cUGM70","workflowName":"My workflow"}}
{"__type":"$$EventMessageConfirm","confirm":"047a3ac3-cfd0-4c97-9c69-a123aaa665e7","ts":"2025-09-22T21:14:05.936+00:00","source":{"id":"0","name":"eventBus"}}
{"__type":"$$EventMessageWorkflow","id":"bf74af06-6b37-418e-801e-9d30735d3477","ts":"2025-09-22T21:33:07.214+00:00","eventName":"n8n.workflow.started","message":"n8n.workflow.started","payload":{"executionId":"9","workflowId":"Wr0ArFFg08cUGM70","isManual":false,"workflowName":"My workflow"}}
{"__type":"$$EventMessageConfirm","confirm":"bf74af06-6b37-418e-801e-9d30735d3477","ts":"2025-09-22T21:33:07.214+00:00","source":{"id":"0","name":"eventBus"}}
{"__type":"$$EventMessageNode","id":"cfbd152e-25f6-4e7e-89c1-0d6f2567fbb9","ts":"2025-09-22T21:33:07.215+00:00","eventName":"n8n.node.started","message":"n8n.node.started","payload":{"workflowId":"Wr0ArFFg08cUGM70","workflowName":"My workflow","executionId":"9","nodeType":"n8n-nodes-base.manualTrigger","nodeName":"When clicking ‘Execute workflow’","nodeId":"16f7d617-c243-4136-9918-5f26943627f7"}}
{"__type":"$$EventMessageConfirm","confirm":"cfbd152e-25f6-4e7e-89c1-0d6f2567fbb9","ts":"2025-09-22T21:33:07.215+00:00","source":{"id":"0","name":"eventBus"}}
{"__type":"$$EventMessageNode","id":"01b9a696-9948-4591-ae9a-caf9d55b3006","ts":"2025-09-22T21:33:07.216+00:00","eventName":"n8n.node.finished","message":"n8n.node.finished","payload":{"workflowId":"Wr0ArFFg08cUGM70","workflowName":"My workflow","executionId":"9","nodeType":"n8n-nodes-base.manualTrigger","nodeName":"When clicking ‘Execute workflow’","nodeId":"16f7d617-c243-4136-9918-5f26943627f7"}}
{"__type":"$$EventMessageConfirm","confirm":"01b9a696-9948-4591-ae9a-caf9d55b3006","ts":"2025-09-22T21:33:07.216+00:00","source":{"id":"0","name":"eventBus"}}
{"__type":"$$EventMessageNode","id":"c53e64eb-aa22-495a-9497-be55dcb52f72","ts":"2025-09-22T21:33:07.216+00:00","eventName":"n8n.node.started","message":"n8n.node.started","payload":{"workflowId":"Wr0ArFFg08cUGM70","workflowName":"My workflow","executionId":"9","nodeType":"CUSTOM.random","nodeName":"Random","nodeId":"5e7a5266-4de2-41f4-b5f6-3ff6cb0454fb"}}
{"__type":"$$EventMessageConfirm","confirm":"c53e64eb-aa22-495a-9497-be55dcb52f72","ts":"2025-09-22T21:33:07.216+00:00","source":{"id":"0","name":"eventBus"}}
{"__type":"$$EventMessageNode","id":"4be35fd4-f327-4e59-91b6-d366e7341f6d","ts":"2025-09-22T21:33:07.669+00:00","eventName":"n8n.node.finished","message":"n8n.node.finished","payload":{"workflowId":"Wr0ArFFg08cUGM70","workflowName":"My workflow","executionId":"9","nodeType":"CUSTOM.random","nodeName":"Random","nodeId":"5e7a5266-4de2-41f4-b5f6-3ff6cb0454fb"}}
{"__type":"$$EventMessageConfirm","confirm":"4be35fd4-f327-4e59-91b6-d366e7341f6d","ts":"2025-09-22T21:33:07.670+00:00","source":{"id":"0","name":"eventBus"}}
{"__type":"$$EventMessageWorkflow","id":"12c2b6ba-27d9-4470-a53b-7e39a5e9f9ce","ts":"2025-09-22T21:33:07.672+00:00","eventName":"n8n.workflow.success","message":"n8n.workflow.success","payload":{"userId":"b9272ff0-7b7c-4048-82f8-9699ca64f6ce","executionId":"9","success":true,"isManual":true,"workflowId":"Wr0ArFFg08cUGM70","workflowName":"My workflow"}}
{"__type":"$$EventMessageConfirm","confirm":"12c2b6ba-27d9-4470-a53b-7e39a5e9f9ce","ts":"2025-09-22T21:33:07.673+00:00","source":{"id":"0","name":"eventBus"}}
{"__type":"$$EventMessageWorkflow","id":"b9f4686c-9cc7-46fd-ab3c-cfbf84684250","ts":"2025-09-22T21:35:44.694+00:00","eventName":"n8n.workflow.started","message":"n8n.workflow.started","payload":{"executionId":"10","workflowId":"Wr0ArFFg08cUGM70","isManual":false,"workflowName":"My workflow"}}
{"__type":"$$EventMessageConfirm","confirm":"b9f4686c-9cc7-46fd-ab3c-cfbf84684250","ts":"2025-09-22T21:35:44.694+00:00","source":{"id":"0","name":"eventBus"}}
{"__type":"$$EventMessageNode","id":"bcc4f7ca-873c-4a0b-8e9f-82f9225217cb","ts":"2025-09-22T21:35:44.695+00:00","eventName":"n8n.node.started","message":"n8n.node.started","payload":{"workflowId":"Wr0ArFFg08cUGM70","workflowName":"My workflow","executionId":"10","nodeType":"n8n-nodes-base.manualTrigger","nodeName":"When clicking ‘Execute workflow’","nodeId":"e6997e1c-c0f3-454c-8e68-ea762d1a2048"}}
{"__type":"$$EventMessageConfirm","confirm":"bcc4f7ca-873c-4a0b-8e9f-82f9225217cb","ts":"2025-09-22T21:35:44.695+00:00","source":{"id":"0","name":"eventBus"}}
{"__type":"$$EventMessageNode","id":"aaf60514-85e0-4879-88e5-ce40bd00990b","ts":"2025-09-22T21:35:44.696+00:00","eventName":"n8n.node.finished","message":"n8n.node.finished","payload":{"workflowId":"Wr0ArFFg08cUGM70","workflowName":"My workflow","executionId":"10","nodeType":"n8n-nodes-base.manualTrigger","nodeName":"When clicking ‘Execute workflow’","nodeId":"e6997e1c-c0f3-454c-8e68-ea762d1a2048"}}
{"__type":"$$EventMessageConfirm","confirm":"aaf60514-85e0-4879-88e5-ce40bd00990b","ts":"2025-09-22T21:35:44.696+00:00","source":{"id":"0","name":"eventBus"}}
{"__type":"$$EventMessageNode","id":"5a312148-2ed7-4c9e-896a-b1f5e946aca9","ts":"2025-09-22T21:35:44.696+00:00","eventName":"n8n.node.started","message":"n8n.node.started","payload":{"workflowId":"Wr0ArFFg08cUGM70","workflowName":"My workflow","executionId":"10","nodeType":"CUSTOM.random","nodeName":"Random","nodeId":"afcf747e-4c0c-4d8c-a6fa-58d900a5733e"}}
{"__type":"$$EventMessageConfirm","confirm":"5a312148-2ed7-4c9e-896a-b1f5e946aca9","ts":"2025-09-22T21:35:44.696+00:00","source":{"id":"0","name":"eventBus"}}
{"__type":"$$EventMessageNode","id":"01559e7d-4d33-4fd6-9d5b-62f1a9015d92","ts":"2025-09-22T21:35:45.077+00:00","eventName":"n8n.node.finished","message":"n8n.node.finished","payload":{"workflowId":"Wr0ArFFg08cUGM70","workflowName":"My workflow","executionId":"10","nodeType":"CUSTOM.random","nodeName":"Random","nodeId":"afcf747e-4c0c-4d8c-a6fa-58d900a5733e"}}
{"__type":"$$EventMessageConfirm","confirm":"01559e7d-4d33-4fd6-9d5b-62f1a9015d92","ts":"2025-09-22T21:35:45.077+00:00","source":{"id":"0","name":"eventBus"}}
{"__type":"$$EventMessageWorkflow","id":"5dd7faa4-0a67-4d29-9cee-7fc65ba14e13","ts":"2025-09-22T21:35:45.080+00:00","eventName":"n8n.workflow.success","message":"n8n.workflow.success","payload":{"userId":"b9272ff0-7b7c-4048-82f8-9699ca64f6ce","executionId":"10","success":true,"isManual":true,"workflowId":"Wr0ArFFg08cUGM70","workflowName":"My workflow"}}
{"__type":"$$EventMessageConfirm","confirm":"5dd7faa4-0a67-4d29-9cee-7fc65ba14e13","ts":"2025-09-22T21:35:45.081+00:00","source":{"id":"0","name":"eventBus"}}
{"__type":"$$EventMessageWorkflow","id":"3ded03f3-f00c-4d28-b2f5-877b94b6fc8e","ts":"2025-09-22T21:36:38.280+00:00","eventName":"n8n.workflow.started","message":"n8n.workflow.started","payload":{"executionId":"11","workflowId":"Wr0ArFFg08cUGM70","isManual":false,"workflowName":"My workflow"}}
{"__type":"$$EventMessageConfirm","confirm":"3ded03f3-f00c-4d28-b2f5-877b94b6fc8e","ts":"2025-09-22T21:36:38.280+00:00","source":{"id":"0","name":"eventBus"}}
{"__type":"$$EventMessageNode","id":"afc37541-62d2-4a64-94af-be740da85981","ts":"2025-09-22T21:36:38.281+00:00","eventName":"n8n.node.started","message":"n8n.node.started","payload":{"workflowId":"Wr0ArFFg08cUGM70","workflowName":"My workflow","executionId":"11","nodeType":"n8n-nodes-base.manualTrigger","nodeName":"When clicking ‘Execute workflow’","nodeId":"16f7d617-c243-4136-9918-5f26943627f7"}}
{"__type":"$$EventMessageConfirm","confirm":"afc37541-62d2-4a64-94af-be740da85981","ts":"2025-09-22T21:36:38.281+00:00","source":{"id":"0","name":"eventBus"}}
{"__type":"$$EventMessageNode","id":"41aa641f-674a-4d85-b628-df2b8c91731b","ts":"2025-09-22T21:36:38.282+00:00","eventName":"n8n.node.finished","message":"n8n.node.finished","payload":{"workflowId":"Wr0ArFFg08cUGM70","workflowName":"My workflow","executionId":"11","nodeType":"n8n-nodes-base.manualTrigger","nodeName":"When clicking ‘Execute workflow’","nodeId":"16f7d617-c243-4136-9918-5f26943627f7"}}
{"__type":"$$EventMessageConfirm","confirm":"41aa641f-674a-4d85-b628-df2b8c91731b","ts":"2025-09-22T21:36:38.282+00:00","source":{"id":"0","name":"eventBus"}}
{"__type":"$$EventMessageWorkflow","id":"ab65ee47-5190-4b7c-be76-8f572c8b919d","ts":"2025-09-22T21:36:38.283+00:00","eventName":"n8n.workflow.success","message":"n8n.workflow.success","payload":{"userId":"b9272ff0-7b7c-4048-82f8-9699ca64f6ce","executionId":"11","success":true,"isManual":true,"workflowId":"Wr0ArFFg08cUGM70","workflowName":"My workflow"}}
{"__type":"$$EventMessageConfirm","confirm":"ab65ee47-5190-4b7c-be76-8f572c8b919d","ts":"2025-09-22T21:36:38.284+00:00","source":{"id":"0","name":"eventBus"}}
{"__type":"$$EventMessageWorkflow","id":"308b0177-1490-4db2-b505-594592bf48a8","ts":"2025-09-22T21:36:39.836+00:00","eventName":"n8n.workflow.started","message":"n8n.workflow.started","payload":{"executionId":"12","workflowId":"Wr0ArFFg08cUGM70","isManual":false,"workflowName":"My workflow"}}
{"__type":"$$EventMessageConfirm","confirm":"308b0177-1490-4db2-b505-594592bf48a8","ts":"2025-09-22T21:36:39.836+00:00","source":{"id":"0","name":"eventBus"}}
{"__type":"$$EventMessageNode","id":"3f690164-611e-4752-b546-1769a51cf42b","ts":"2025-09-22T21:36:39.836+00:00","eventName":"n8n.node.started","message":"n8n.node.started","payload":{"workflowId":"Wr0ArFFg08cUGM70","workflowName":"My workflow","executionId":"12","nodeType":"CUSTOM.random","nodeName":"Random","nodeId":"5e7a5266-4de2-41f4-b5f6-3ff6cb0454fb"}}
{"__type":"$$EventMessageConfirm","confirm":"3f690164-611e-4752-b546-1769a51cf42b","ts":"2025-09-22T21:36:39.836+00:00","source":{"id":"0","name":"eventBus"}}
{"__type":"$$EventMessageNode","id":"155924ed-5185-4823-8401-04e8ad9d358f","ts":"2025-09-22T21:36:40.212+00:00","eventName":"n8n.node.finished","message":"n8n.node.finished","payload":{"workflowId":"Wr0ArFFg08cUGM70","workflowName":"My workflow","executionId":"12","nodeType":"CUSTOM.random","nodeName":"Random","nodeId":"5e7a5266-4de2-41f4-b5f6-3ff6cb0454fb"}}
{"__type":"$$EventMessageConfirm","confirm":"155924ed-5185-4823-8401-04e8ad9d358f","ts":"2025-09-22T21:36:40.212+00:00","source":{"id":"0","name":"eventBus"}}
{"__type":"$$EventMessageWorkflow","id":"5d6fcc1e-c843-4a93-9226-33a2b83a13d6","ts":"2025-09-22T21:36:40.217+00:00","eventName":"n8n.workflow.success","message":"n8n.workflow.success","payload":{"userId":"b9272ff0-7b7c-4048-82f8-9699ca64f6ce","executionId":"12","success":true,"isManual":true,"workflowId":"Wr0ArFFg08cUGM70","workflowName":"My workflow"}}
{"__type":"$$EventMessageConfirm","confirm":"5d6fcc1e-c843-4a93-9226-33a2b83a13d6","ts":"2025-09-22T21:36:40.217+00:00","source":{"id":"0","name":"eventBus"}}
{"__type":"$$EventMessageWorkflow","id":"83082fed-0864-4bfe-baec-bc1ce628b92e","ts":"2025-09-22T21:36:42.025+00:00","eventName":"n8n.workflow.started","message":"n8n.workflow.started","payload":{"executionId":"13","workflowId":"Wr0ArFFg08cUGM70","isManual":false,"workflowName":"My workflow"}}
{"__type":"$$EventMessageConfirm","confirm":"83082fed-0864-4bfe-baec-bc1ce628b92e","ts":"2025-09-22T21:36:42.025+00:00","source":{"id":"0","name":"eventBus"}}
{"__type":"$$EventMessageNode","id":"ce308d42-270e-48d4-a9bc-7995bcb18c26","ts":"2025-09-22T21:36:42.026+00:00","eventName":"n8n.node.started","message":"n8n.node.started","payload":{"workflowId":"Wr0ArFFg08cUGM70","workflowName":"My workflow","executionId":"13","nodeType":"CUSTOM.random","nodeName":"Random","nodeId":"5e7a5266-4de2-41f4-b5f6-3ff6cb0454fb"}}
{"__type":"$$EventMessageConfirm","confirm":"ce308d42-270e-48d4-a9bc-7995bcb18c26","ts":"2025-09-22T21:36:42.026+00:00","source":{"id":"0","name":"eventBus"}}
{"__type":"$$EventMessageNode","id":"7a709634-93b0-45b8-b6ca-e35f36f8ab71","ts":"2025-09-22T21:36:42.394+00:00","eventName":"n8n.node.finished","message":"n8n.node.finished","payload":{"workflowId":"Wr0ArFFg08cUGM70","workflowName":"My workflow","executionId":"13","nodeType":"CUSTOM.random","nodeName":"Random","nodeId":"5e7a5266-4de2-41f4-b5f6-3ff6cb0454fb"}}
{"__type":"$$EventMessageConfirm","confirm":"7a709634-93b0-45b8-b6ca-e35f36f8ab71","ts":"2025-09-22T21:36:42.394+00:00","source":{"id":"0","name":"eventBus"}}
{"__type":"$$EventMessageWorkflow","id":"2aa2ec85-bd11-4d67-8b2f-bd73fdeec95a","ts":"2025-09-22T21:36:42.396+00:00","eventName":"n8n.workflow.success","message":"n8n.workflow.success","payload":{"userId":"b9272ff0-7b7c-4048-82f8-9699ca64f6ce","executionId":"13","success":true,"isManual":true,"workflowId":"Wr0ArFFg08cUGM70","workflowName":"My workflow"}}
{"__type":"$$EventMessageConfirm","confirm":"2aa2ec85-bd11-4d67-8b2f-bd73fdeec95a","ts":"2025-09-22T21:36:42.396+00:00","source":{"id":"0","name":"eventBus"}}
