{"__type":"$$EventMessageAudit","id":"d0eba368-848f-457d-b198-ba2ced0d042b","ts":"2025-09-24T12:30:27.805+00:00","eventName":"n8n.audit.user.login.success","message":"n8n.audit.user.login.success","payload":{"userId":"943ebeb8-a0dd-4b15-a22e-ffbb5f3959ea","_email":"leonardovianamov@gmail.com","_firstName":"leonardo","_lastName":"Viana","globalRole":"global:owner","authenticationMethod":"email"}}
{"__type":"$$EventMessageConfirm","confirm":"d0eba368-848f-457d-b198-ba2ced0d042b","ts":"2025-09-24T12:30:27.805+00:00","source":{"id":"0","name":"eventBus"}}
{"__type":"$$EventMessageAudit","id":"723e5933-7cba-44d5-930a-c6daa3ac4630","ts":"2025-09-24T12:30:45.847+00:00","eventName":"n8n.audit.workflow.created","message":"n8n.audit.workflow.created","payload":{"userId":"943ebeb8-a0dd-4b15-a22e-ffbb5f3959ea","_email":"leonardovianamov@gmail.com","_firstName":"leonardo","_lastName":"Viana","globalRole":"global:owner","workflowId":"LQpPOB35AbjbQchV","workflowName":"My workflow"}}
{"__type":"$$EventMessageConfirm","confirm":"723e5933-7cba-44d5-930a-c6daa3ac4630","ts":"2025-09-24T12:30:45.847+00:00","source":{"id":"0","name":"eventBus"}}
{"__type":"$$EventMessageWorkflow","id":"785ccb5b-dcfb-4bee-bb93-649bb1259f9b","ts":"2025-09-24T12:30:45.915+00:00","eventName":"n8n.workflow.started","message":"n8n.workflow.started","payload":{"executionId":"1","workflowId":"LQpPOB35AbjbQchV","isManual":false,"workflowName":"My workflow"}}
{"__type":"$$EventMessageConfirm","confirm":"785ccb5b-dcfb-4bee-bb93-649bb1259f9b","ts":"2025-09-24T12:30:45.915+00:00","source":{"id":"0","name":"eventBus"}}
{"__type":"$$EventMessageNode","id":"3ac13a65-1851-4e10-b481-487a706d6b9c","ts":"2025-09-24T12:30:45.916+00:00","eventName":"n8n.node.started","message":"n8n.node.started","payload":{"workflowId":"LQpPOB35AbjbQchV","workflowName":"My workflow","executionId":"1","nodeType":"n8n-nodes-base.manualTrigger","nodeName":"When clicking ‘Execute workflow’","nodeId":"b103a265-49f6-4f8a-bb3a-71c6d451a3a3"}}
{"__type":"$$EventMessageConfirm","confirm":"3ac13a65-1851-4e10-b481-487a706d6b9c","ts":"2025-09-24T12:30:45.916+00:00","source":{"id":"0","name":"eventBus"}}
{"__type":"$$EventMessageNode","id":"d3187b3e-85d3-48ef-953d-e524dde8471a","ts":"2025-09-24T12:30:45.917+00:00","eventName":"n8n.node.finished","message":"n8n.node.finished","payload":{"workflowId":"LQpPOB35AbjbQchV","workflowName":"My workflow","executionId":"1","nodeType":"n8n-nodes-base.manualTrigger","nodeName":"When clicking ‘Execute workflow’","nodeId":"b103a265-49f6-4f8a-bb3a-71c6d451a3a3"}}
{"__type":"$$EventMessageConfirm","confirm":"d3187b3e-85d3-48ef-953d-e524dde8471a","ts":"2025-09-24T12:30:45.918+00:00","source":{"id":"0","name":"eventBus"}}
{"__type":"$$EventMessageNode","id":"e29e75ac-6427-4a53-b1cf-6f6cb89604dc","ts":"2025-09-24T12:30:45.918+00:00","eventName":"n8n.node.started","message":"n8n.node.started","payload":{"workflowId":"LQpPOB35AbjbQchV","workflowName":"My workflow","executionId":"1","nodeType":"CUSTOM.random","nodeName":"Random","nodeId":"8ab527d2-cfed-4e4d-9fd1-025fd04c5da9"}}
{"__type":"$$EventMessageConfirm","confirm":"e29e75ac-6427-4a53-b1cf-6f6cb89604dc","ts":"2025-09-24T12:30:45.918+00:00","source":{"id":"0","name":"eventBus"}}
{"__type":"$$EventMessageNode","id":"e96bc2ab-28fa-4c5d-a1a8-01a4c9e68ce9","ts":"2025-09-24T12:30:46.534+00:00","eventName":"n8n.node.finished","message":"n8n.node.finished","payload":{"workflowId":"LQpPOB35AbjbQchV","workflowName":"My workflow","executionId":"1","nodeType":"CUSTOM.random","nodeName":"Random","nodeId":"8ab527d2-cfed-4e4d-9fd1-025fd04c5da9"}}
{"__type":"$$EventMessageConfirm","confirm":"e96bc2ab-28fa-4c5d-a1a8-01a4c9e68ce9","ts":"2025-09-24T12:30:46.534+00:00","source":{"id":"0","name":"eventBus"}}
{"__type":"$$EventMessageWorkflow","id":"6c2d7a52-8515-4af8-8efc-8f8bfada46cc","ts":"2025-09-24T12:30:46.541+00:00","eventName":"n8n.workflow.success","message":"n8n.workflow.success","payload":{"userId":"943ebeb8-a0dd-4b15-a22e-ffbb5f3959ea","executionId":"1","success":true,"isManual":true,"workflowId":"LQpPOB35AbjbQchV","workflowName":"My workflow"}}
{"__type":"$$EventMessageConfirm","confirm":"6c2d7a52-8515-4af8-8efc-8f8bfada46cc","ts":"2025-09-24T12:30:46.541+00:00","source":{"id":"0","name":"eventBus"}}
{"__type":"$$EventMessageWorkflow","id":"d6cb5b52-1069-4375-b0ed-919b1b3770cd","ts":"2025-09-24T12:31:26.411+00:00","eventName":"n8n.workflow.started","message":"n8n.workflow.started","payload":{"executionId":"2","workflowId":"LQpPOB35AbjbQchV","isManual":false,"workflowName":"My workflow"}}
{"__type":"$$EventMessageConfirm","confirm":"d6cb5b52-1069-4375-b0ed-919b1b3770cd","ts":"2025-09-24T12:31:26.411+00:00","source":{"id":"0","name":"eventBus"}}
{"__type":"$$EventMessageNode","id":"242a6281-dbfd-469d-bf59-a212aa6d9c1f","ts":"2025-09-24T12:31:26.412+00:00","eventName":"n8n.node.started","message":"n8n.node.started","payload":{"workflowId":"LQpPOB35AbjbQchV","workflowName":"My workflow","executionId":"2","nodeType":"CUSTOM.random","nodeName":"Random","nodeId":"8ab527d2-cfed-4e4d-9fd1-025fd04c5da9"}}
{"__type":"$$EventMessageConfirm","confirm":"242a6281-dbfd-469d-bf59-a212aa6d9c1f","ts":"2025-09-24T12:31:26.412+00:00","source":{"id":"0","name":"eventBus"}}
{"__type":"$$EventMessageNode","id":"22f5aa92-11df-4a08-9899-d16af82b7dd8","ts":"2025-09-24T12:31:26.938+00:00","eventName":"n8n.node.finished","message":"n8n.node.finished","payload":{"workflowId":"LQpPOB35AbjbQchV","workflowName":"My workflow","executionId":"2","nodeType":"CUSTOM.random","nodeName":"Random","nodeId":"8ab527d2-cfed-4e4d-9fd1-025fd04c5da9"}}
{"__type":"$$EventMessageConfirm","confirm":"22f5aa92-11df-4a08-9899-d16af82b7dd8","ts":"2025-09-24T12:31:26.938+00:00","source":{"id":"0","name":"eventBus"}}
{"__type":"$$EventMessageWorkflow","id":"dba0b0cb-a46f-469b-84e5-7f8649fa0720","ts":"2025-09-24T12:31:26.942+00:00","eventName":"n8n.workflow.success","message":"n8n.workflow.success","payload":{"userId":"943ebeb8-a0dd-4b15-a22e-ffbb5f3959ea","executionId":"2","success":true,"isManual":true,"workflowId":"LQpPOB35AbjbQchV","workflowName":"My workflow"}}
{"__type":"$$EventMessageConfirm","confirm":"dba0b0cb-a46f-469b-84e5-7f8649fa0720","ts":"2025-09-24T12:31:26.942+00:00","source":{"id":"0","name":"eventBus"}}
{"__type":"$$EventMessageWorkflow","id":"9846df0a-81c7-41c6-a3a6-b76921aa9bd6","ts":"2025-09-24T12:39:18.779+00:00","eventName":"n8n.workflow.started","message":"n8n.workflow.started","payload":{"executionId":"3","workflowId":"LQpPOB35AbjbQchV","isManual":false,"workflowName":"My workflow"}}
{"__type":"$$EventMessageConfirm","confirm":"9846df0a-81c7-41c6-a3a6-b76921aa9bd6","ts":"2025-09-24T12:39:18.779+00:00","source":{"id":"0","name":"eventBus"}}
{"__type":"$$EventMessageNode","id":"ba1484fa-e015-4de3-9bf5-f7f3b83cfa81","ts":"2025-09-24T12:39:18.779+00:00","eventName":"n8n.node.started","message":"n8n.node.started","payload":{"workflowId":"LQpPOB35AbjbQchV","workflowName":"My workflow","executionId":"3","nodeType":"CUSTOM.random","nodeName":"Random","nodeId":"8ab527d2-cfed-4e4d-9fd1-025fd04c5da9"}}
{"__type":"$$EventMessageConfirm","confirm":"ba1484fa-e015-4de3-9bf5-f7f3b83cfa81","ts":"2025-09-24T12:39:18.779+00:00","source":{"id":"0","name":"eventBus"}}
{"__type":"$$EventMessageNode","id":"5f63c778-bc13-4a95-bc2b-f4a9854a64c9","ts":"2025-09-24T12:39:20.332+00:00","eventName":"n8n.node.finished","message":"n8n.node.finished","payload":{"workflowId":"LQpPOB35AbjbQchV","workflowName":"My workflow","executionId":"3","nodeType":"CUSTOM.random","nodeName":"Random","nodeId":"8ab527d2-cfed-4e4d-9fd1-025fd04c5da9"}}
{"__type":"$$EventMessageConfirm","confirm":"5f63c778-bc13-4a95-bc2b-f4a9854a64c9","ts":"2025-09-24T12:39:20.332+00:00","source":{"id":"0","name":"eventBus"}}
{"__type":"$$EventMessageWorkflow","id":"699457fd-2506-48d1-b8a1-0e563b4ee928","ts":"2025-09-24T12:39:20.333+00:00","eventName":"n8n.workflow.success","message":"n8n.workflow.success","payload":{"userId":"943ebeb8-a0dd-4b15-a22e-ffbb5f3959ea","executionId":"3","success":true,"isManual":true,"workflowId":"LQpPOB35AbjbQchV","workflowName":"My workflow"}}
{"__type":"$$EventMessageConfirm","confirm":"699457fd-2506-48d1-b8a1-0e563b4ee928","ts":"2025-09-24T12:39:20.333+00:00","source":{"id":"0","name":"eventBus"}}
{"__type":"$$EventMessageWorkflow","id":"496aa991-83c6-4d5e-a560-db32635c9c3d","ts":"2025-09-24T12:39:38.196+00:00","eventName":"n8n.workflow.started","message":"n8n.workflow.started","payload":{"executionId":"4","workflowId":"LQpPOB35AbjbQchV","isManual":false,"workflowName":"My workflow"}}
{"__type":"$$EventMessageConfirm","confirm":"496aa991-83c6-4d5e-a560-db32635c9c3d","ts":"2025-09-24T12:39:38.196+00:00","source":{"id":"0","name":"eventBus"}}
{"__type":"$$EventMessageNode","id":"c3131edf-c5e6-49ad-8994-f54a02e7c261","ts":"2025-09-24T12:39:38.196+00:00","eventName":"n8n.node.started","message":"n8n.node.started","payload":{"workflowId":"LQpPOB35AbjbQchV","workflowName":"My workflow","executionId":"4","nodeType":"CUSTOM.random","nodeName":"Random","nodeId":"8ab527d2-cfed-4e4d-9fd1-025fd04c5da9"}}
{"__type":"$$EventMessageConfirm","confirm":"c3131edf-c5e6-49ad-8994-f54a02e7c261","ts":"2025-09-24T12:39:38.196+00:00","source":{"id":"0","name":"eventBus"}}
{"__type":"$$EventMessageNode","id":"29cc0358-b5bb-4080-93ea-a8394610b55b","ts":"2025-09-24T12:39:38.766+00:00","eventName":"n8n.node.finished","message":"n8n.node.finished","payload":{"workflowId":"LQpPOB35AbjbQchV","workflowName":"My workflow","executionId":"4","nodeType":"CUSTOM.random","nodeName":"Random","nodeId":"8ab527d2-cfed-4e4d-9fd1-025fd04c5da9"}}
{"__type":"$$EventMessageConfirm","confirm":"29cc0358-b5bb-4080-93ea-a8394610b55b","ts":"2025-09-24T12:39:38.766+00:00","source":{"id":"0","name":"eventBus"}}
{"__type":"$$EventMessageWorkflow","id":"f82e55b4-a2f1-4e83-b12d-b6e418c51373","ts":"2025-09-24T12:39:38.774+00:00","eventName":"n8n.workflow.success","message":"n8n.workflow.success","payload":{"userId":"943ebeb8-a0dd-4b15-a22e-ffbb5f3959ea","executionId":"4","success":true,"isManual":true,"workflowId":"LQpPOB35AbjbQchV","workflowName":"My workflow"}}
{"__type":"$$EventMessageConfirm","confirm":"f82e55b4-a2f1-4e83-b12d-b6e418c51373","ts":"2025-09-24T12:39:38.774+00:00","source":{"id":"0","name":"eventBus"}}
